Apr 14, 2023 5:01:48 PM org.apache.coyote.AbstractProtocol init
INFO: Initializing ProtocolHandler ["http-nio-auto-1"]
Apr 14, 2023 5:01:49 PM org.apache.tomcat.util.net.NioSelectorPool getSharedSelector
INFO: Using a shared selector for servlet write/read
Apr 14, 2023 5:01:49 PM org.apache.catalina.core.StandardService startInternal
INFO: Starting service [Tomcat]
Apr 14, 2023 5:01:49 PM org.apache.catalina.core.StandardEngine startInternal
INFO: Starting Servlet engine: [Apache Tomcat/8.5.69]
Apr 14, 2023 5:01:49 PM org.apache.coyote.AbstractProtocol start
INFO: Starting ProtocolHandler ["http-nio-auto-1-39901"]
Apr 14, 2023 5:01:50 PM exercise.servlet.SessionServlet login
INFO: User lavern.keeling@gmail.com trying to login
Apr 14, 2023 5:01:50 PM exercise.servlet.SessionServlet login
INFO: User shoshana.haley@hotmail.com trying to login
Apr 14, 2023 5:01:50 PM exercise.servlet.SessionServlet login
INFO: User suzann.barrows@hotmail.com trying to login
Apr 14, 2023 5:01:50 PM exercise.servlet.SessionServlet login
INFO: User lavern.keeling@gmail.com trying to login
Apr 14, 2023 5:01:50 PM exercise.servlet.SessionServlet login
INFO: User lavern.keeling@gmail.com trying to login
Apr 14, 2023 5:01:50 PM exercise.servlet.SessionServlet login
INFO: User lavern.keeling@gmail.com trying to login
Apr 14, 2023 5:01:50 PM org.apache.coyote.AbstractProtocol pause
INFO: Pausing ProtocolHandler ["http-nio-auto-1-39901"]
Apr 14, 2023 5:01:50 PM org.apache.catalina.core.StandardService stopInternal
INFO: Stopping service [Tomcat]
Apr 14, 2023 5:01:50 PM org.apache.catalina.loader.WebappClassLoaderBase clearReferencesObjectStreamClassCaches
WARNING: When running on Java 9 or later you need to add "--add-opens=java.base/java.io=null" to the JVM command line arguments to enable ObjectStream cache memory leak protection. Alternatively, you can suppress this warning by disabling ObjectStream class cache memory leak protection.
Apr 14, 2023 5:01:50 PM org.apache.catalina.loader.WebappClassLoaderBase checkThreadLocalsForLeaks
WARNING: When running on Java 9 or later you need to add "--add-opens=java.base/java.lang=null" to the JVM command line arguments to enable ThreadLocal memory leak detection. Alternatively, you can suppress this warning by disabling ThreadLocal memory leak detection.
Apr 14, 2023 5:01:50 PM org.apache.catalina.loader.WebappClassLoaderBase clearReferencesRmiTargets
WARNING: When running on Java 9 or later you need to add "--add-opens=java.rmi/sun.rmi.transport=null" to the JVM command line arguments to enable RMI Target memory leak detection. Alternatively, you can suppress this warning by disabling RMI Target memory leak detection.
Apr 14, 2023 5:01:50 PM org.apache.coyote.AbstractProtocol stop
INFO: Stopping ProtocolHandler ["http-nio-auto-1-39901"]
